<?xml version="1.0" encoding="UTF-8"?>
<!-- Generated by org.testng.reporters.JUnitXMLReporter -->
<testsuite ignored="25" hostname="Akki" failures="0" tests="1" name="AutomationExercise1" time="0.065" errors="0" timestamp="2023-09-24T16:17:35 IST">
  <testcase classname="test1.BaseTest" name="@BeforeClass setup" time="0.014">
    <failure type="java.lang.NullPointerException" message="Cannot invoke &amp;quot;org.openqa.selenium.WebDriver.manage()&amp;quot; because &amp;quot;this.driver&amp;quot; is null">
      <![CDATA[java.lang.NullPointerException: Cannot invoke "org.openqa.selenium.WebDriver.manage()" because "this.driver" is null
at test1.BaseTest.setup(BaseTest.java:18)
at java.base/java.util.ArrayList.forEach(ArrayList.java:1511)
at com.intellij.rt.testng.IDEARemoteTestNG.run(IDEARemoteTestNG.java:66)
at com.intellij.rt.testng.RemoteTestNGStarter.main(RemoteTestNGStarter.java:105)
... Removed 20 stack frames]]>
    </failure>
  </testcase> <!-- @BeforeClass setup -->
  <testcase classname="test1.BaseTest" name="@AfterClass teardown" time="0.0">
    <skipped/>
  </testcase> <!-- @AfterClass teardown -->
  <testcase classname="test1.AutomationExercise" name="RegisterUser" time="0.0">
    <skipped/>
  </testcase> <!-- RegisterUser -->
  <testcase classname="test1.AutomationExercise" name="VerifyProductDetailPage" time="0.0">
    <ignored/>
  </testcase> <!-- VerifyProductDetailPage -->
  <testcase classname="test1.AutomationExercise" name="SearchProductPage" time="0.0">
    <ignored/>
  </testcase> <!-- SearchProductPage -->
  <testcase classname="test1.AutomationExercise" name="LogOutUser" time="0.0">
    <ignored/>
  </testcase> <!-- LogOutUser -->
  <testcase classname="test1.AutomationExercise" name="LoginUserInCorrect" time="0.0">
    <ignored/>
  </testcase> <!-- LoginUserInCorrect -->
  <testcase classname="test1.AutomationExercise" name="AddReview" time="0.0">
    <ignored/>
  </testcase> <!-- AddReview -->
  <testcase classname="test1.AutomationExercise" name="VerifyProductQuantity" time="0.0">
    <ignored/>
  </testcase> <!-- VerifyProductQuantity -->
  <testcase classname="test1.AutomationExercise" name="DownloadInvoice" time="0.0">
    <ignored/>
  </testcase> <!-- DownloadInvoice -->
  <testcase classname="test1.AutomationExercise" name="VerifyCartAfterLogin" time="0.0">
    <ignored/>
  </testcase> <!-- VerifyCartAfterLogin -->
  <testcase classname="test1.AutomationExercise" name="PlaceOrderLoginBeforeCheckout" time="0.0">
    <ignored/>
  </testcase> <!-- PlaceOrderLoginBeforeCheckout -->
  <testcase classname="test1.AutomationExercise" name="VerifySubscriptionPage" time="0.0">
    <ignored/>
  </testcase> <!-- VerifySubscriptionPage -->
  <testcase classname="test1.AutomationExercise" name="VerifyTestCasePage" time="0.0">
    <ignored/>
  </testcase> <!-- VerifyTestCasePage -->
  <testcase classname="test1.AutomationExercise" name="PlaceOrderRegWhileCheckout" time="0.0">
    <ignored/>
  </testcase> <!-- PlaceOrderRegWhileCheckout -->
  <testcase classname="test1.AutomationExercise" name="VerifyScrollUpUsingArrow" time="0.0">
    <ignored/>
  </testcase> <!-- VerifyScrollUpUsingArrow -->
  <testcase classname="test1.AutomationExercise" name="PlaceOrderRegBeforeCheckout" time="0.0">
    <ignored/>
  </testcase> <!-- PlaceOrderRegBeforeCheckout -->
  <testcase classname="test1.AutomationExercise" name="ContactUs" time="0.0">
    <ignored/>
  </testcase> <!-- ContactUs -->
  <testcase classname="test1.AutomationExercise" name="AddRecomendedItem" time="0.0">
    <ignored/>
  </testcase> <!-- AddRecomendedItem -->
  <testcase classname="test1.AutomationExercise" name="RemoveProductFromCart" time="0.0">
    <ignored/>
  </testcase> <!-- RemoveProductFromCart -->
  <testcase classname="test1.AutomationExercise" name="ViewCartBrandProduct" time="0.0">
    <ignored/>
  </testcase> <!-- ViewCartBrandProduct -->
  <testcase classname="test1.AutomationExercise" name="ViewCategoryProduct" time="0.0">
    <ignored/>
  </testcase> <!-- ViewCategoryProduct -->
  <testcase classname="test1.AutomationExercise" name="VerifyScrollUpWithoutUsingArrow" time="0.0">
    <ignored/>
  </testcase> <!-- VerifyScrollUpWithoutUsingArrow -->
  <testcase classname="test1.AutomationExercise" name="VerifyDetailsCheckout" time="0.0">
    <ignored/>
  </testcase> <!-- VerifyDetailsCheckout -->
  <testcase classname="test1.AutomationExercise" name="RegisterWithExistingEmail" time="0.0">
    <ignored/>
  </testcase> <!-- RegisterWithExistingEmail -->
  <testcase classname="test1.AutomationExercise" name="LoginUserCorrect" time="0.0">
    <ignored/>
  </testcase> <!-- LoginUserCorrect -->
  <testcase classname="test1.AutomationExercise" name="VerifySubscriptionCartPage" time="0.0">
    <ignored/>
  </testcase> <!-- VerifySubscriptionCartPage -->
  <testcase classname="test1.AutomationExercise" name="AddProduct" time="0.0">
    <ignored/>
  </testcase> <!-- AddProduct -->
</testsuite> <!-- AutomationExercise1 -->
